TN:
SF:E:\projects\vueProject\awsome-ui\packages\row\src\row.js
FNF:0
FNH:0
DA:25,2
DA:27,2
DA:28,1
DA:29,1
DA:32,2
DA:37,2
LF:6
LH:6
BRDA:27,0,0,1
BRDA:27,0,1,1
BRDA:40,1,0,0
BRDA:40,1,1,2
BRDA:41,2,0,0
BRDA:41,2,1,2
BRF:6
BRH:4
end_of_record
TN:
SF:E:\projects\vueProject\awsome-ui\packages\row\index.js
FNF:0
FNH:0
LF:0
LH:0
BRF:0
BRH:0
end_of_record
TN:
SF:E:\projects\vueProject\awsome-ui\src\index.js
FN:7,(anonymous_0)
FN:9,(anonymous_1)
FNF:2
FNH:2
FNDA:1,(anonymous_0)
FNDA:1,(anonymous_1)
DA:3,1
DA:7,1
DA:9,1
DA:10,1
DA:14,1
DA:15,0
LF:6
LH:5
BRDA:7,0,0,1
BRDA:14,1,0,0
BRDA:14,1,1,1
BRDA:14,2,0,1
BRDA:14,2,1,1
BRF:5
BRH:4
end_of_record
TN:
SF:E:\projects\vueProject\awsome-ui\src\locale\lang\zh-CN.js
FNF:0
FNH:0
LF:0
LH:0
BRF:0
BRH:0
end_of_record
TN:
SF:E:\projects\vueProject\awsome-ui\src\utils\util.js
FN:3,noop
FN:5,hasOwn
FNF:2
FNH:0
FNDA:0,noop
FNDA:0,hasOwn
DA:1,1
DA:6,0
LF:2
LH:1
BRF:0
BRH:0
end_of_record
TN:
SF:E:\projects\vueProject\awsome-ui\src\locale\format.js
FN:9,(anonymous_0)
FN:19,template
FN:28,(anonymous_2)
FNF:3
FNH:1
FNDA:1,(anonymous_0)
FNDA:0,template
FNDA:0,(anonymous_2)
DA:3,1
DA:20,0
DA:21,0
DA:24,0
DA:25,0
DA:28,0
DA:31,0
DA:33,0
DA:35,0
DA:36,0
DA:37,0
DA:40,0
DA:45,1
LF:13
LH:2
BRDA:20,0,0,0
BRDA:20,0,1,0
BRDA:20,1,0,0
BRDA:20,1,1,0
BRDA:24,2,0,0
BRDA:24,2,1,0
BRDA:24,3,0,0
BRDA:24,3,1,0
BRDA:31,4,0,0
BRDA:31,4,1,0
BRDA:31,5,0,0
BRDA:31,5,1,0
BRDA:35,6,0,0
BRDA:35,6,1,0
BRDA:36,7,0,0
BRDA:36,7,1,0
BRDA:36,8,0,0
BRDA:36,8,1,0
BRF:18
BRH:0
end_of_record
TN:
SF:E:\projects\vueProject\awsome-ui\src\locale\index.js
FN:9,(anonymous_0)
FN:23,(anonymous_1)
FN:40,(anonymous_2)
FN:44,(anonymous_3)
FNF:4
FNH:0
FNDA:0,(anonymous_0)
FNDA:0,(anonymous_1)
FNDA:0,(anonymous_2)
FNDA:0,(anonymous_3)
DA:6,1
DA:7,1
DA:8,1
DA:9,1
DA:10,0
DA:11,0
DA:12,0
DA:13,0
DA:14,0
DA:19,0
DA:23,1
DA:24,0
DA:25,0
DA:27,0
DA:28,0
DA:30,0
DA:31,0
DA:32,0
DA:33,0
DA:34,0
DA:35,0
DA:37,0
DA:40,1
DA:41,0
DA:44,1
DA:45,0
LF:26
LH:7
BRDA:10,0,0,0
BRDA:10,0,1,0
BRDA:11,1,0,0
BRDA:11,1,1,0
BRDA:11,2,0,0
BRDA:11,2,1,0
BRDA:12,3,0,0
BRDA:12,3,1,0
BRDA:16,4,0,0
BRDA:16,4,1,0
BRDA:25,5,0,0
BRDA:25,5,1,0
BRDA:25,6,0,0
BRDA:25,6,1,0
BRDA:33,7,0,0
BRDA:33,7,1,0
BRDA:34,8,0,0
BRDA:34,8,1,0
BRDA:41,9,0,0
BRDA:41,9,1,0
BRDA:45,10,0,0
BRDA:45,10,1,0
BRF:22
BRH:0
end_of_record
TN:
SF:E:\projects\vueProject\awsome-ui\src\locale\lang\en.js
FNF:0
FNH:0
LF:0
LH:0
BRF:0
BRH:0
end_of_record
TN:
SF:E:\projects\vueProject\awsome-ui\src\mixins\locale.js
FNF:0
FNH:0
DA:6,0
LF:1
LH:0
BRF:0
BRH:0
end_of_record
TN:
SF:E:\projects\vueProject\awsome-ui\src\utils\dom.js
FN:22,(anonymous_0)
FN:24,(anonymous_1)
FN:30,(anonymous_2)
FN:39,(anonymous_3)
FN:41,(anonymous_4)
FN:47,(anonymous_5)
FN:56,(anonymous_6)
FN:57,(anonymous_7)
FN:67,hasClass
FN:78,addClass
FN:99,removeClass
FN:120,(anonymous_11)
FN:141,(anonymous_12)
FN:157,setStyle
FN:176,(anonymous_14)
FN:189,(anonymous_15)
FN:206,(anonymous_16)
FNF:17
FNH:2
FNDA:1,(anonymous_0)
FNDA:0,(anonymous_1)
FNDA:0,(anonymous_2)
FNDA:1,(anonymous_3)
FNDA:0,(anonymous_4)
FNDA:0,(anonymous_5)
FNDA:0,(anonymous_6)
FNDA:0,(anonymous_7)
FNDA:0,hasClass
FNDA:0,addClass
FNDA:0,removeClass
FNDA:0,(anonymous_11)
FNDA:0,(anonymous_12)
FNDA:0,setStyle
FNDA:0,(anonymous_14)
FNDA:0,(anonymous_15)
FNDA:0,(anonymous_16)
DA:5,1
DA:6,1
DA:7,1
DA:8,1
DA:22,1
DA:23,1
DA:24,1
DA:25,0
DA:26,0
DA:30,0
DA:31,0
DA:32,0
DA:39,1
DA:40,1
DA:41,1
DA:42,0
DA:43,0
DA:47,0
DA:48,0
DA:49,0
DA:56,1
DA:57,0
DA:58,0
DA:59,0
DA:61,0
DA:63,0
DA:68,0
DA:69,0
DA:70,0
DA:71,0
DA:73,0
DA:79,0
DA:80,0
DA:81,0
DA:83,0
DA:84,0
DA:85,0
DA:87,0
DA:88,0
DA:89,0
DA:90,0
DA:93,0
DA:94,0
DA:100,0
DA:101,0
DA:102,0
DA:104,0
DA:105,0
DA:106,0
DA:108,0
DA:109,0
DA:110,0
DA:111,0
DA:114,0
DA:115,0
DA:120,1
DA:121,0
DA:122,0
DA:123,0
DA:124,0
DA:125,0
DA:127,0
DA:128,0
DA:130,0
DA:131,0
DA:133,0
DA:136,0
DA:139,0
DA:142,0
DA:143,0
DA:144,0
DA:145,0
DA:146,0
DA:148,0
DA:149,0
DA:150,0
DA:152,0
DA:158,0
DA:160,0
DA:161,0
DA:162,0
DA:163,0
DA:167,0
DA:168,0
DA:169,0
DA:171,0
DA:176,1
DA:177,0
DA:179,0
DA:180,0
DA:186,0
DA:189,1
DA:190,0
DA:192,0
DA:193,0
DA:194,0
DA:195,0
DA:197,0
DA:198,0
DA:200,0
DA:203,0
DA:206,1
DA:207,0
DA:209,0
DA:212,0
DA:213,0
DA:220,0
DA:223,0
LF:108
LH:15
BRDA:8,0,0,0
BRDA:8,0,1,1
BRDA:23,1,0,1
BRDA:23,1,1,0
BRDA:23,2,0,1
BRDA:23,2,1,1
BRDA:25,3,0,0
BRDA:25,3,1,0
BRDA:25,4,0,0
BRDA:25,4,1,0
BRDA:25,4,2,0
BRDA:31,5,0,0
BRDA:31,5,1,0
BRDA:31,6,0,0
BRDA:31,6,1,0
BRDA:31,6,2,0
BRDA:40,7,0,1
BRDA:40,7,1,0
BRDA:40,8,0,1
BRDA:40,8,1,1
BRDA:42,9,0,0
BRDA:42,9,1,0
BRDA:42,10,0,0
BRDA:42,10,1,0
BRDA:48,11,0,0
BRDA:48,11,1,0
BRDA:48,12,0,0
BRDA:48,12,1,0
BRDA:58,13,0,0
BRDA:58,13,1,0
BRDA:68,14,0,0
BRDA:68,14,1,0
BRDA:68,15,0,0
BRDA:68,15,1,0
BRDA:69,16,0,0
BRDA:69,16,1,0
BRDA:70,17,0,0
BRDA:70,17,1,0
BRDA:79,18,0,0
BRDA:79,18,1,0
BRDA:81,19,0,0
BRDA:81,19,1,0
BRDA:85,20,0,0
BRDA:85,20,1,0
BRDA:87,21,0,0
BRDA:87,21,1,0
BRDA:89,22,0,0
BRDA:89,22,1,0
BRDA:93,23,0,0
BRDA:93,23,1,0
BRDA:100,24,0,0
BRDA:100,24,1,0
BRDA:100,25,0,0
BRDA:100,25,1,0
BRDA:106,26,0,0
BRDA:106,26,1,0
BRDA:108,27,0,0
BRDA:108,27,1,0
BRDA:110,28,0,0
BRDA:110,28,1,0
BRDA:114,29,0,0
BRDA:114,29,1,0
BRDA:120,30,0,0
BRDA:120,30,1,1
BRDA:121,31,0,0
BRDA:121,31,1,0
BRDA:122,32,0,0
BRDA:122,32,1,0
BRDA:122,33,0,0
BRDA:122,33,1,0
BRDA:124,34,0,0
BRDA:124,34,1,0
BRDA:128,35,0,0
BRDA:128,35,1,0
BRDA:136,36,0,0
BRDA:136,36,1,0
BRDA:136,37,0,0
BRDA:136,37,1,0
BRDA:142,38,0,0
BRDA:142,38,1,0
BRDA:143,39,0,0
BRDA:143,39,1,0
BRDA:143,40,0,0
BRDA:143,40,1,0
BRDA:145,41,0,0
BRDA:145,41,1,0
BRDA:150,42,0,0
BRDA:150,42,1,0
BRDA:150,43,0,0
BRDA:150,43,1,0
BRDA:158,44,0,0
BRDA:158,44,1,0
BRDA:158,45,0,0
BRDA:158,45,1,0
BRDA:160,46,0,0
BRDA:160,46,1,0
BRDA:162,47,0,0
BRDA:162,47,1,0
BRDA:168,48,0,0
BRDA:168,48,1,0
BRDA:168,49,0,0
BRDA:168,49,1,0
BRDA:169,50,0,0
BRDA:169,50,1,0
BRDA:177,51,0,0
BRDA:177,51,1,0
BRDA:179,52,0,0
BRDA:179,52,1,0
BRDA:180,53,0,0
BRDA:180,53,1,0
BRDA:181,54,0,0
BRDA:181,54,1,0
BRDA:190,55,0,0
BRDA:190,55,1,0
BRDA:194,56,0,0
BRDA:194,56,1,0
BRDA:197,57,0,0
BRDA:197,57,1,0
BRDA:207,58,0,0
BRDA:207,58,1,0
BRDA:207,59,0,0
BRDA:207,59,1,0
BRDA:207,59,2,0
BRDA:212,60,0,0
BRDA:212,60,1,0
BRDA:223,61,0,0
BRDA:223,61,1,0
BRDA:223,61,2,0
BRDA:223,61,3,0
BRF:129
BRH:8
end_of_record
